Tue Feb  3 00:10:51 IST 2026: Starting auto-commit process
Tue Feb  3 00:10:53 IST 2026: Successfully pushed changes
Tue Feb  3 10:09:41 IST 2026: Starting auto-commit process
Tue Feb  3 10:09:43 IST 2026: Successfully pushed changes
Tue Feb  3 10:12:19 IST 2026: Starting auto-commit process
Tue Feb  3 10:12:20 IST 2026: Successfully pushed changes
Tue Feb  3 10:17:19 IST 2026: Starting auto-commit process
Tue Feb  3 10:17:21 IST 2026: Successfully pushed changes
Tue Feb  3 10:32:49 IST 2026: Starting auto-commit process
Tue Feb  3 10:32:51 IST 2026: Successfully pushed changes
Tue Feb  3 10:39:14 IST 2026: Starting auto-commit process
Tue Feb  3 10:39:15 IST 2026: Successfully pushed changes
Tue Feb  3 10:54:41 IST 2026: Starting auto-commit process
Tue Feb  3 10:54:43 IST 2026: Successfully pushed changes
Tue Feb  3 10:56:30 IST 2026: Starting auto-commit process
Tue Feb  3 10:56:32 IST 2026: Successfully pushed changes
Tue Feb  3 12:09:54 IST 2026: Starting auto-commit process
Tue Feb  3 12:09:56 IST 2026: Successfully pushed changes
Mon Feb  9 08:55:38 IST 2026: Starting auto-commit process
Mon Feb  9 08:55:40 IST 2026: Successfully pushed changes
Mon Feb  9 13:17:11 IST 2026: Starting auto-commit process
Mon Feb  9 13:17:19 IST 2026: Failed to push changes
Mon Feb  9 13:17:36 IST 2026: Starting auto-commit process
Mon Feb  9 13:17:38 IST 2026: Successfully pushed changes
Mon Feb  9 21:36:57 IST 2026: Starting auto-commit process
Mon Feb  9 21:36:59 IST 2026: Successfully pushed changes
Wed Feb 11 08:22:35 IST 2026: Starting auto-commit process
Wed Feb 11 08:22:38 IST 2026: Successfully pushed changes
Thu Feb 12 16:14:27 IST 2026: Starting auto-commit process
Thu Feb 12 16:14:29 IST 2026: Successfully pushed changes
Mon Feb 16 16:48:35 IST 2026: Starting auto-commit process
Mon Feb 16 16:48:37 IST 2026: Successfully pushed changes
Fri Feb 20 10:57:19 IST 2026: Starting auto-commit process
Fri Feb 20 10:57:21 IST 2026: Successfully pushed changes
Wed Feb 25 12:37:12 IST 2026: Starting auto-commit process
Wed Feb 25 12:37:13 IST 2026: Successfully pushed changes
Thu Feb 26 16:27:30 IST 2026: Starting auto-commit process
Thu Feb 26 16:27:33 IST 2026: Successfully pushed changes
Fri Feb 27 11:30:18 IST 2026: Starting auto-commit process
Fri Feb 27 11:30:20 IST 2026: Successfully pushed changes
Fri Feb 27 11:30:38 IST 2026: Starting auto-commit process
